19:13:14 **** Incremental Build of configuration Debug for project CTS-1_STM_OS ****
make -j8 all 
arm-none-eabi-gcc -o "CTS-1_STM_OS.elf" @"objects.list"   -mcpu=cortex-m4 -T"C:\Users\asjad\Documents\@CUBESAT\clone\OBC_software\Workspace\CTS-1_STM_OS\STM32L4R5ZITX_FLASH.ld" --specs=nosys.specs -Wl,-Map="CTS-1_STM_OS.map" -Wl,--gc-sections -static --specs=nano.specs -mfpu=fpv4-sp-d16 -mfloat-abi=hard -mthumb -Wl,--start-group -lc -lm -Wl,--end-group
c:\st\stm32cubeide_1.7.0\stm32cubeide\plugins\com.st.stm32cube.ide.mcu.externaltools.gnu-tools-for-stm32.10.3-2021.10.win32_1.0.0.202111181127\tools\arm-none-eabi\bin\ld.exe: ./Core/Src/uart.o:C:/Users/asjad/Documents/@CUBESAT/clone/OBC_software/Workspace/CTS-1_STM_OS/Debug/../Core/Src/uart.c:19: multiple definition of `hlpuart1'; ./Core/Src/queueManagement.o:C:/Users/asjad/Documents/@CUBESAT/clone/OBC_software/Workspace/CTS-1_STM_OS/Debug/../Core/Src/queueManagement.c:11: first defined here
collect2.exe: error: ld returned 1 exit status
make: *** [makefile:68: CTS-1_STM_OS.elf] Error 1
"make -j8 all" terminated with exit code 2. Build might be incomplete.

19:13:14 Build Failed. 2 errors, 0 warnings. (took 832ms)

